<?xml version="1.0" encoding="UTF-8"?>
<testng-results ignored="0" total="2" passed="2" failed="0" skipped="0">
  <reporter-output>
  </reporter-output>
  <suite started-at="2022-02-21T11:57:46 IST" name="Default suite" finished-at="2022-02-21T11:58:05 IST" duration-ms="19403">
    <groups>
    </groups>
    <test started-at="2022-02-21T11:57:46 IST" name="Default test" finished-at="2022-02-21T11:58:05 IST" duration-ms="19403">
      <class name="com.selenium.project.Flipkart">
        <test-method is-config="true" signature="beforeTest()[pri:0, instance:com.selenium.project.Flipkart@29d89d5d]" started-at="2022-02-21T11:57:46 IST" name="beforeTest" finished-at="2022-02-21T11:57:49 IST" duration-ms="2963" status="PASS">
          <reporter-output>
          </reporter-output>
        </test-method> <!-- beforeTest -->
        <test-method signature="flipkart()[pri:1, instance:com.selenium.project.Flipkart@29d89d5d]" started-at="2022-02-21T11:57:49 IST" name="flipkart" finished-at="2022-02-21T11:58:01 IST" duration-ms="11919" status="PASS">
          <reporter-output>
          </reporter-output>
        </test-method> <!-- flipkart -->
        <test-method signature="price()[pri:2, instance:com.selenium.project.Flipkart@29d89d5d]" started-at="2022-02-21T11:58:01 IST" name="price" finished-at="2022-02-21T11:58:05 IST" duration-ms="4182" status="PASS">
          <reporter-output>
          </reporter-output>
        </test-method> <!-- price -->
        <test-method is-config="true" signature="afterTest()[pri:0, instance:com.selenium.project.Flipkart@29d89d5d]" started-at="2022-02-21T11:58:05 IST" name="afterTest" finished-at="2022-02-21T11:58:05 IST" duration-ms="268" status="PASS">
          <reporter-output>
          </reporter-output>
        </test-method> <!-- afterTest -->
      </class> <!-- com.selenium.project.Flipkart -->
    </test> <!-- Default test -->
  </suite> <!-- Default suite -->
</testng-results>
